
Gurobi 7.0.2 (linux64, Python) logging started Mon Jan 29 14:00:46 2018


Gurobi 7.0.2 (linux64, Python) logging started Mon Jan 29 14:19:31 2018


Gurobi 7.0.2 (linux64, Python) logging started Mon Jan 29 14:30:35 2018


Gurobi 7.0.2 (linux64, Python) logging started Mon Jan 29 14:34:19 2018


Gurobi 7.0.2 (linux64, Python) logging started Mon Jan 29 14:37:17 2018


Gurobi 7.0.2 (linux64, Python) logging started Mon Jan 29 14:38:18 2018


Gurobi 7.0.2 (linux64, Python) logging started Mon Jan 29 14:39:27 2018

Optimize a model with 4536 rows, 1188 columns and 35438 nonzeros
Coefficient statistics:
  Matrix range     [2e-03, 1e+00]
  Objective range  [1e+00, 1e+00]
  Bounds range     [0e+00, 0e+00]
  RHS range        [1e-17, 1e+00]

Concurrent LP optimizer: dual simplex and barrier
Showing barrier log only...

Presolve removed 118 rows and 72 columns
Presolve time: 0.09s
Presolved: 4418 rows, 1120 columns, 34966 nonzeros

Ordering time: 0.15s

Barrier performed 0 iterations in 0.38 seconds
Barrier solve interrupted - model solved by another algorithm


Solved with dual simplex
Solved in 592 iterations and 0.38 seconds
Infeasible model

Gurobi 7.0.2 (linux64, Python) logging started Mon Jan 29 14:52:35 2018

Optimize a model with 244 rows, 64 columns and 476 nonzeros
Coefficient statistics:
  Matrix range     [1e+00, 8e+00]
  Objective range  [1e+00, 1e+00]
  Bounds range     [0e+00, 0e+00]
  RHS range        [1e+00, 7e+01]
Presolve removed 0 rows and 61 columns
Presolve time: 0.00s

Solved in 0 iterations and 0.00 seconds
Infeasible model

Gurobi 7.0.2 (linux64, Python) logging started Mon Jan 29 15:09:28 2018

Optimize a model with 244 rows, 64 columns and 476 nonzeros
Coefficient statistics:
  Matrix range     [1e+00, 8e+00]
  Objective range  [1e+00, 1e+00]
  Bounds range     [0e+00, 0e+00]
  RHS range        [1e+00, 7e+01]
Presolve removed 0 rows and 61 columns
Presolve time: 0.00s

Solved in 0 iterations and 0.00 seconds
Infeasible model

Gurobi 7.0.2 (linux64, Python) logging started Mon Jan 29 15:15:06 2018

Optimize a model with 244 rows, 64 columns and 476 nonzeros
Coefficient statistics:
  Matrix range     [1e+00, 8e+00]
  Objective range  [1e+00, 1e+00]
  Bounds range     [0e+00, 0e+00]
  RHS range        [1e+00, 7e+01]
Presolve time: 0.00s

Solved in 0 iterations and 0.00 seconds
Infeasible or unbounded model

Gurobi 7.0.2 (linux64, Python) logging started Tue Jan 30 09:09:56 2018

Optimize a model with 244 rows, 64 columns and 476 nonzeros
Coefficient statistics:
  Matrix range     [1e+00, 8e+00]
  Objective range  [1e+00, 1e+00]
  Bounds range     [0e+00, 0e+00]
  RHS range        [1e+00, 7e+01]
Presolve time: 0.00s

Solved in 0 iterations and 0.00 seconds
Infeasible or unbounded model

Gurobi 7.0.2 (linux64, Python) logging started Tue Jan 30 09:31:38 2018

Optimize a model with 244 rows, 64 columns and 476 nonzeros
Coefficient statistics:
  Matrix range     [1e+00, 8e+00]
  Objective range  [1e+00, 1e+00]
  Bounds range     [0e+00, 0e+00]
  RHS range        [1e+00, 7e+01]
Presolve time: 0.00s

Solved in 0 iterations and 0.00 seconds
Infeasible or unbounded model

Gurobi 7.0.2 (linux64, Python) logging started Tue Jan 30 09:39:19 2018

Optimize a model with 244 rows, 64 columns and 476 nonzeros
Coefficient statistics:
  Matrix range     [1e+00, 8e+00]
  Objective range  [1e+00, 1e+00]
  Bounds range     [0e+00, 0e+00]
  RHS range        [1e+00, 7e+01]
Presolve time: 0.00s

Solved in 0 iterations and 0.00 seconds
Infeasible or unbounded model

Gurobi 7.0.2 (linux64, Python) logging started Tue Jan 30 10:35:36 2018

Optimize a model with 244 rows, 64 columns and 688 nonzeros
Coefficient statistics:
  Matrix range     [7e-02, 1e+00]
  Objective range  [1e+00, 1e+00]
  Bounds range     [0e+00, 0e+00]
  RHS range        [2e-18, 1e+00]
Presolve removed 32 rows and 4 columns
Presolve time: 0.00s
Presolved: 212 rows, 60 columns, 676 nonzeros

Iteration    Objective       Primal Inf.    Dual Inf.      Time
       0    6.0000000e+31   9.018228e+31   6.000000e+01      0s

Solved in 64 iterations and 0.00 seconds
Infeasible or unbounded model

Gurobi 7.0.2 (linux64, Python) logging started Tue Jan 30 10:39:48 2018

Optimize a model with 244 rows, 64 columns and 688 nonzeros
Coefficient statistics:
  Matrix range     [7e-02, 1e+00]
  Objective range  [1e+00, 1e+00]
  Bounds range     [0e+00, 0e+00]
  RHS range        [7e-18, 1e+00]
Presolve removed 32 rows and 4 columns
Presolve time: 0.00s
Presolved: 212 rows, 60 columns, 676 nonzeros

Iteration    Objective       Primal Inf.    Dual Inf.      Time
       0    6.0000000e+31   9.022543e+31   6.000000e+01      0s

Solved in 62 iterations and 0.00 seconds
Infeasible or unbounded model

Gurobi 7.0.2 (linux64, Python) logging started Tue Jan 30 11:02:45 2018

Optimize a model with 244 rows, 64 columns and 688 nonzeros
Coefficient statistics:
  Matrix range     [6e-02, 1e+00]
  Objective range  [1e+00, 1e+00]
  Bounds range     [0e+00, 0e+00]
  RHS range        [7e-18, 1e+00]
Presolve removed 32 rows and 4 columns
Presolve time: 0.00s
Presolved: 212 rows, 60 columns, 676 nonzeros

Iteration    Objective       Primal Inf.    Dual Inf.      Time
       0    6.0000000e+31   3.502782e+30   6.000000e+01      0s

Solved in 70 iterations and 0.00 seconds
Infeasible or unbounded model

Gurobi 7.0.2 (linux64, Python) logging started Tue Jan 30 11:18:04 2018

Optimize a model with 244 rows, 64 columns and 688 nonzeros
Coefficient statistics:
  Matrix range     [7e-02, 1e+00]
  Objective range  [1e+00, 1e+00]
  Bounds range     [0e+00, 0e+00]
  RHS range        [4e-18, 1e+00]
Presolve removed 32 rows and 4 columns
Presolve time: 0.00s
Presolved: 212 rows, 60 columns, 676 nonzeros

Iteration    Objective       Primal Inf.    Dual Inf.      Time
       0    1.0060942e+01   8.426582e+00   0.000000e+00      0s
      67    5.0138584e+01   0.000000e+00   0.000000e+00      0s

Solved in 67 iterations and 0.00 seconds
Optimal objective  5.013858403e+01

Gurobi 7.0.2 (linux64, Python) logging started Tue Jan 30 11:20:04 2018

Optimize a model with 244 rows, 64 columns and 688 nonzeros
Coefficient statistics:
  Matrix range     [7e-02, 1e+00]
  Objective range  [1e+00, 1e+00]
  Bounds range     [0e+00, 0e+00]
  RHS range        [9e-18, 1e+00]
Presolve removed 32 rows and 4 columns
Presolve time: 0.00s
Presolved: 212 rows, 60 columns, 676 nonzeros

Iteration    Objective       Primal Inf.    Dual Inf.      Time
       0    1.0269924e+01   8.593081e+00   0.000000e+00      0s
      68    4.9412636e+01   0.000000e+00   0.000000e+00      0s

Solved in 68 iterations and 0.00 seconds
Optimal objective  4.941263621e+01

Gurobi 7.0.2 (linux64, Python) logging started Tue Jan 30 11:34:46 2018

Optimize a model with 244 rows, 64 columns and 688 nonzeros
Coefficient statistics:
  Matrix range     [6e-02, 1e+00]
  Objective range  [1e+00, 1e+00]
  Bounds range     [0e+00, 0e+00]
  RHS range        [7e-18, 1e+00]
Presolve removed 32 rows and 4 columns
Presolve time: 0.00s
Presolved: 212 rows, 60 columns, 676 nonzeros

Iteration    Objective       Primal Inf.    Dual Inf.      Time
       0    9.8096358e+00   8.304544e+00   0.000000e+00      0s
      68    5.0338088e+01   0.000000e+00   0.000000e+00      0s

Solved in 68 iterations and 0.00 seconds
Optimal objective  5.033808752e+01

Gurobi 7.0.2 (linux64, Python) logging started Tue Jan 30 11:46:41 2018

Optimize a model with 244 rows, 64 columns and 688 nonzeros
Coefficient statistics:
  Matrix range     [7e-02, 1e+00]
  Objective range  [1e+00, 1e+00]
  Bounds range     [0e+00, 0e+00]
  RHS range        [9e-18, 1e+00]
Presolve removed 32 rows and 4 columns
Presolve time: 0.00s
Presolved: 212 rows, 60 columns, 676 nonzeros

Iteration    Objective       Primal Inf.    Dual Inf.      Time
       0    1.0079368e+01   8.376242e+00   0.000000e+00      0s
      66    4.9293628e+01   0.000000e+00   0.000000e+00      0s

Solved in 66 iterations and 0.00 seconds
Optimal objective  4.929362782e+01

Gurobi 7.0.2 (linux64, Python) logging started Tue Jan 30 12:01:16 2018

Optimize a model with 244 rows, 64 columns and 688 nonzeros
Coefficient statistics:
  Matrix range     [7e-02, 1e+00]
  Objective range  [1e+00, 1e+00]
  Bounds range     [0e+00, 0e+00]
  RHS range        [4e-18, 1e+00]
Presolve removed 32 rows and 4 columns
Presolve time: 0.00s
Presolved: 212 rows, 60 columns, 676 nonzeros

Iteration    Objective       Primal Inf.    Dual Inf.      Time
       0    1.0078905e+01   8.317992e+00   0.000000e+00      0s
      69    5.0272248e+01   0.000000e+00   0.000000e+00      0s

Solved in 69 iterations and 0.00 seconds
Optimal objective  5.027224820e+01

Gurobi 7.0.2 (linux64, Python) logging started Tue Jan 30 13:42:05 2018

Optimize a model with 244 rows, 64 columns and 688 nonzeros
Coefficient statistics:
  Matrix range     [6e-02, 1e+00]
  Objective range  [1e+00, 1e+00]
  Bounds range     [0e+00, 0e+00]
  RHS range        [4e-18, 1e+00]
Presolve removed 32 rows and 4 columns
Presolve time: 0.00s
Presolved: 212 rows, 60 columns, 676 nonzeros

Iteration    Objective       Primal Inf.    Dual Inf.      Time
       0    9.9910481e+00   8.394244e+00   0.000000e+00      0s
      67    4.9947271e+01   0.000000e+00   0.000000e+00      0s

Solved in 67 iterations and 0.00 seconds
Optimal objective  4.994727108e+01

Gurobi 7.0.2 (linux64, Python) logging started Tue Jan 30 15:26:40 2018

Optimize a model with 244 rows, 64 columns and 688 nonzeros
Coefficient statistics:
  Matrix range     [6e-02, 1e+00]
  Objective range  [1e+00, 1e+00]
  Bounds range     [0e+00, 0e+00]
  RHS range        [7e-18, 1e+00]
Presolve removed 32 rows and 4 columns
Presolve time: 0.00s
Presolved: 212 rows, 60 columns, 676 nonzeros

Iteration    Objective       Primal Inf.    Dual Inf.      Time
       0    9.6696857e+00   7.970541e+00   0.000000e+00      0s
      69    5.0277210e+01   0.000000e+00   0.000000e+00      0s

Solved in 69 iterations and 0.00 seconds
Optimal objective  5.027720961e+01

Gurobi 7.0.2 (linux64, Python) logging started Tue Jan 30 15:32:59 2018

Optimize a model with 244 rows, 64 columns and 688 nonzeros
Coefficient statistics:
  Matrix range     [6e-02, 1e+00]
  Objective range  [1e+00, 1e+00]
  Bounds range     [0e+00, 0e+00]
  RHS range        [2e-18, 1e+00]
Presolve removed 32 rows and 4 columns
Presolve time: 0.00s
Presolved: 212 rows, 60 columns, 676 nonzeros

Iteration    Objective       Primal Inf.    Dual Inf.      Time
       0    9.8477479e+00   8.191078e+00   0.000000e+00      0s
      66    4.9573636e+01   0.000000e+00   0.000000e+00      0s

Solved in 66 iterations and 0.00 seconds
Optimal objective  4.957363630e+01

Gurobi 7.0.2 (linux64, Python) logging started Tue Jan 30 15:35:18 2018

Optimize a model with 244 rows, 64 columns and 688 nonzeros
Coefficient statistics:
  Matrix range     [7e-02, 1e+00]
  Objective range  [1e+00, 1e+00]
  Bounds range     [0e+00, 0e+00]
  RHS range        [1e-17, 1e+00]
Presolve removed 32 rows and 4 columns
Presolve time: 0.00s
Presolved: 212 rows, 60 columns, 676 nonzeros

Iteration    Objective       Primal Inf.    Dual Inf.      Time
       0    1.0011030e+01   8.305681e+00   0.000000e+00      0s
      65    5.0297353e+01   0.000000e+00   0.000000e+00      0s

Solved in 65 iterations and 0.00 seconds
Optimal objective  5.029735315e+01

Gurobi 7.0.2 (linux64, Python) logging started Tue Jan 30 15:36:41 2018

Optimize a model with 244 rows, 64 columns and 688 nonzeros
Coefficient statistics:
  Matrix range     [7e-02, 1e+00]
  Objective range  [1e+00, 1e+00]
  Bounds range     [0e+00, 0e+00]
  RHS range        [7e-18, 1e+00]
Presolve removed 32 rows and 4 columns
Presolve time: 0.00s
Presolved: 212 rows, 60 columns, 676 nonzeros

Iteration    Objective       Primal Inf.    Dual Inf.      Time
       0    1.0140489e+01   8.516919e+00   0.000000e+00      0s
      65    5.0133026e+01   0.000000e+00   0.000000e+00      0s

Solved in 65 iterations and 0.00 seconds
Optimal objective  5.013302586e+01
Warning for adding constraints: zero or small (< 1e-13) coefficients, ignored
Optimize a model with 56 rows, 270 columns and 799 nonzeros
Coefficient statistics:
  Matrix range     [7e-03, 1e+00]
  Objective range  [7e-01, 4e+00]
  Bounds range     [0e+00, 0e+00]
  RHS range        [8e-01, 1e+00]
Presolve removed 0 rows and 1 columns
Presolve time: 0.00s

Solved in 0 iterations and 0.00 seconds
Infeasible or unbounded model

Gurobi 7.0.2 (linux64, Python) logging started Tue Jan 30 15:40:58 2018

Optimize a model with 244 rows, 64 columns and 688 nonzeros
Coefficient statistics:
  Matrix range     [6e-02, 1e+00]
  Objective range  [1e+00, 1e+00]
  Bounds range     [0e+00, 0e+00]
  RHS range        [2e-18, 1e+00]
Presolve removed 32 rows and 4 columns
Presolve time: 0.00s
Presolved: 212 rows, 60 columns, 676 nonzeros

Iteration    Objective       Primal Inf.    Dual Inf.      Time
       0    9.9285450e+00   8.375205e+00   0.000000e+00      0s
      67    4.9691968e+01   0.000000e+00   0.000000e+00      0s

Solved in 67 iterations and 0.00 seconds
Optimal objective  4.969196772e+01
Optimize a model with 56 rows, 270 columns and 799 nonzeros
Coefficient statistics:
  Matrix range     [8e-03, 1e+00]
  Objective range  [8e-01, 4e+00]
  Bounds range     [0e+00, 0e+00]
  RHS range        [3e-01, 1e+00]
Presolve removed 0 rows and 1 columns
Presolve time: 0.00s

Solved in 0 iterations and 0.00 seconds
Infeasible or unbounded model

Gurobi 7.0.2 (linux64, Python) logging started Tue Jan 30 15:44:08 2018

Optimize a model with 244 rows, 64 columns and 688 nonzeros
Coefficient statistics:
  Matrix range     [7e-02, 1e+00]
  Objective range  [1e+00, 1e+00]
  Bounds range     [0e+00, 0e+00]
  RHS range        [4e-18, 1e+00]
Presolve removed 32 rows and 4 columns
Presolve time: 0.00s
Presolved: 212 rows, 60 columns, 676 nonzeros

Iteration    Objective       Primal Inf.    Dual Inf.      Time
       0    9.9032250e+00   8.324213e+00   0.000000e+00      0s
      68    4.9706979e+01   0.000000e+00   0.000000e+00      0s

Solved in 68 iterations and 0.00 seconds
Optimal objective  4.970697919e+01
Optimize a model with 56 rows, 270 columns and 799 nonzeros
Coefficient statistics:
  Matrix range     [7e-03, 1e+00]
  Objective range  [7e-01, 4e+00]
  Bounds range     [0e+00, 0e+00]
  RHS range        [3e-01, 7e-01]
Presolve removed 0 rows and 1 columns
Presolve time: 0.00s

Solved in 0 iterations and 0.00 seconds
Infeasible or unbounded model

Gurobi 7.0.2 (linux64, Python) logging started Tue Jan 30 15:54:26 2018

Optimize a model with 244 rows, 64 columns and 688 nonzeros
Coefficient statistics:
  Matrix range     [7e-02, 1e+00]
  Objective range  [1e+00, 1e+00]
  Bounds range     [0e+00, 0e+00]
  RHS range        [2e-18, 1e+00]
Presolve removed 32 rows and 4 columns
Presolve time: 0.00s
Presolved: 212 rows, 60 columns, 676 nonzeros

Iteration    Objective       Primal Inf.    Dual Inf.      Time
       0    1.0182743e+01   8.596982e+00   0.000000e+00      0s
      68    4.9627048e+01   0.000000e+00   0.000000e+00      0s

Solved in 68 iterations and 0.00 seconds
Optimal objective  4.962704826e+01
Optimize a model with 99 rows, 270 columns and 1016 nonzeros
Coefficient statistics:
  Matrix range     [9e-03, 1e+00]
  Objective range  [8e-01, 4e+00]
  Bounds range     [0e+00, 0e+00]
  RHS range        [3e-01, 1e+00]
Presolve removed 0 rows and 1 columns
Presolve time: 0.00s

Solved in 0 iterations and 0.00 seconds
Infeasible or unbounded model

Gurobi 7.0.2 (linux64, Python) logging started Tue Jan 30 15:55:44 2018

Optimize a model with 244 rows, 64 columns and 688 nonzeros
Coefficient statistics:
  Matrix range     [7e-02, 1e+00]
  Objective range  [1e+00, 1e+00]
  Bounds range     [0e+00, 0e+00]
  RHS range        [7e-18, 1e+00]
Presolve removed 32 rows and 4 columns
Presolve time: 0.00s
Presolved: 212 rows, 60 columns, 676 nonzeros

Iteration    Objective       Primal Inf.    Dual Inf.      Time
       0    9.8629918e+00   8.147101e+00   0.000000e+00      0s
      66    5.0239430e+01   0.000000e+00   0.000000e+00      0s

Solved in 66 iterations and 0.00 seconds
Optimal objective  5.023943038e+01
Optimize a model with 98 rows, 270 columns and 1014 nonzeros
Coefficient statistics:
  Matrix range     [1e-02, 1e+00]
  Objective range  [7e-01, 4e+00]
  Bounds range     [0e+00, 0e+00]
  RHS range        [1e+00, 1e+00]
Presolve removed 0 rows and 1 columns
Presolve time: 0.00s

Solved in 0 iterations and 0.00 seconds
Infeasible or unbounded model

Gurobi 7.0.2 (linux64, Python) logging started Wed Jan 31 09:34:37 2018

Optimize a model with 244 rows, 64 columns and 688 nonzeros
Coefficient statistics:
  Matrix range     [6e-02, 1e+00]
  Objective range  [1e+00, 1e+00]
  Bounds range     [0e+00, 0e+00]
  RHS range        [4e-18, 1e+00]
Presolve removed 32 rows and 4 columns
Presolve time: 0.00s
Presolved: 212 rows, 60 columns, 676 nonzeros

Iteration    Objective       Primal Inf.    Dual Inf.      Time
       0    9.9699203e+00   8.173805e+00   0.000000e+00      0s
      67    4.9941558e+01   0.000000e+00   0.000000e+00      0s

Solved in 67 iterations and 0.00 seconds
Optimal objective  4.994155755e+01
Optimize a model with 99 rows, 270 columns and 1016 nonzeros
Coefficient statistics:
  Matrix range     [8e-03, 1e+00]
  Objective range  [6e-01, 4e+00]
  Bounds range     [0e+00, 0e+00]
  RHS range        [1e+00, 1e+00]
Presolve removed 0 rows and 1 columns
Presolve time: 0.00s

Solved in 0 iterations and 0.00 seconds
Infeasible or unbounded model

Gurobi 7.0.2 (linux64, Python) logging started Wed Jan 31 09:35:44 2018

Optimize a model with 244 rows, 64 columns and 688 nonzeros
Coefficient statistics:
  Matrix range     [7e-02, 1e+00]
  Objective range  [1e+00, 1e+00]
  Bounds range     [0e+00, 0e+00]
  RHS range        [4e-18, 1e+00]
Presolve removed 32 rows and 4 columns
Presolve time: 0.00s
Presolved: 212 rows, 60 columns, 676 nonzeros

Iteration    Objective       Primal Inf.    Dual Inf.      Time
       0    1.0074683e+01   8.304336e+00   0.000000e+00      0s
      66    5.0082087e+01   0.000000e+00   0.000000e+00      0s

Solved in 66 iterations and 0.00 seconds
Optimal objective  5.008208698e+01
Optimize a model with 98 rows, 270 columns and 916 nonzeros
Coefficient statistics:
  Matrix range     [1e-02, 1e+00]
  Objective range  [7e-01, 4e+00]
  Bounds range     [0e+00, 0e+00]
  RHS range        [0e+00, 0e+00]
Presolve removed 0 rows and 1 columns
Presolve time: 0.00s

Solved in 0 iterations and 0.00 seconds
Infeasible or unbounded model

Gurobi 7.0.2 (linux64, Python) logging started Wed Jan 31 09:37:06 2018

Optimize a model with 244 rows, 64 columns and 688 nonzeros
Coefficient statistics:
  Matrix range     [7e-02, 1e+00]
  Objective range  [1e+00, 1e+00]
  Bounds range     [0e+00, 0e+00]
  RHS range        [7e-18, 1e+00]
Presolve removed 32 rows and 4 columns
Presolve time: 0.00s
Presolved: 212 rows, 60 columns, 676 nonzeros

Iteration    Objective       Primal Inf.    Dual Inf.      Time
       0    1.0174961e+01   8.596933e+00   0.000000e+00      0s
      65    5.0006967e+01   0.000000e+00   0.000000e+00      0s

Solved in 65 iterations and 0.00 seconds
Optimal objective  5.000696731e+01
Warning for adding constraints: zero or small (< 1e-13) coefficients, ignored
Optimize a model with 56 rows, 270 columns and 798 nonzeros
Coefficient statistics:
  Matrix range     [6e-03, 1e+00]
  Objective range  [7e-01, 4e+00]
  Bounds range     [0e+00, 0e+00]
  RHS range        [0e+00, 0e+00]
Presolve removed 0 rows and 1 columns
Presolve time: 0.00s

Solved in 0 iterations and 0.00 seconds
Infeasible or unbounded model

Gurobi 7.0.2 (linux64, Python) logging started Wed Jan 31 09:38:01 2018

Optimize a model with 244 rows, 64 columns and 688 nonzeros
Coefficient statistics:
  Matrix range     [6e-02, 1e+00]
  Objective range  [1e+00, 1e+00]
  Bounds range     [0e+00, 0e+00]
  RHS range        [2e-18, 1e+00]
Presolve removed 32 rows and 4 columns
Presolve time: 0.00s
Presolved: 212 rows, 60 columns, 676 nonzeros

Iteration    Objective       Primal Inf.    Dual Inf.      Time
       0    1.0333923e+01   8.686962e+00   0.000000e+00      0s
      67    4.9811325e+01   0.000000e+00   0.000000e+00      0s

Solved in 67 iterations and 0.00 seconds
Optimal objective  4.981132497e+01
Optimize a model with 2 rows, 270 columns and 102 nonzeros
Coefficient statistics:
  Matrix range     [5e-01, 7e-01]
  Objective range  [7e-01, 4e+00]
  Bounds range     [0e+00, 0e+00]
  RHS range        [0e+00, 0e+00]
Presolve removed 0 rows and 3 columns
Presolve time: 0.00s

Solved in 0 iterations and 0.00 seconds
Infeasible or unbounded model

Gurobi 7.0.2 (linux64, Python) logging started Wed Jan 31 09:39:08 2018

Optimize a model with 244 rows, 64 columns and 688 nonzeros
Coefficient statistics:
  Matrix range     [7e-02, 1e+00]
  Objective range  [1e+00, 1e+00]
  Bounds range     [0e+00, 0e+00]
  RHS range        [2e-18, 1e+00]
Presolve removed 32 rows and 4 columns
Presolve time: 0.00s
Presolved: 212 rows, 60 columns, 676 nonzeros

Iteration    Objective       Primal Inf.    Dual Inf.      Time
       0    1.0594840e+01   9.186004e+00   0.000000e+00      0s
      66    5.0440641e+01   0.000000e+00   0.000000e+00      0s

Solved in 66 iterations and 0.00 seconds
Optimal objective  5.044064073e+01
Optimize a model with 96 rows, 270 columns and 814 nonzeros
Coefficient statistics:
  Matrix range     [8e-03, 1e+00]
  Objective range  [7e-01, 4e+00]
  Bounds range     [0e+00, 0e+00]
  RHS range        [0e+00, 0e+00]
Presolve removed 0 rows and 1 columns
Presolve time: 0.00s

Solved in 0 iterations and 0.00 seconds
Infeasible or unbounded model

Gurobi 7.0.2 (linux64, Python) logging started Wed Jan 31 09:40:23 2018

Optimize a model with 244 rows, 64 columns and 688 nonzeros
Coefficient statistics:
  Matrix range     [7e-02, 1e+00]
  Objective range  [1e+00, 1e+00]
  Bounds range     [0e+00, 0e+00]
  RHS range        [4e-18, 1e+00]
Presolve removed 32 rows and 4 columns
Presolve time: 0.00s
Presolved: 212 rows, 60 columns, 676 nonzeros

Iteration    Objective       Primal Inf.    Dual Inf.      Time
       0    1.0222552e+01   8.796120e+00   0.000000e+00      0s
      70    5.0179312e+01   0.000000e+00   0.000000e+00      0s

Solved in 70 iterations and 0.00 seconds
Optimal objective  5.017931205e+01
Optimize a model with 0 rows, 270 columns and 0 nonzeros
Coefficient statistics:
  Matrix range     [0e+00, 0e+00]
  Objective range  [7e-01, 4e+00]
  Bounds range     [0e+00, 0e+00]
  RHS range        [0e+00, 0e+00]
Presolve removed 0 rows and 3 columns
Presolve time: 0.00s

Solved in 0 iterations and 0.00 seconds
Unbounded model

Gurobi 7.0.2 (linux64, Python) logging started Wed Jan 31 09:41:26 2018

Optimize a model with 244 rows, 64 columns and 688 nonzeros
Coefficient statistics:
  Matrix range     [7e-02, 1e+00]
  Objective range  [1e+00, 1e+00]
  Bounds range     [0e+00, 0e+00]
  RHS range        [4e-18, 1e+00]
Presolve removed 32 rows and 4 columns
Presolve time: 0.00s
Presolved: 212 rows, 60 columns, 676 nonzeros

Iteration    Objective       Primal Inf.    Dual Inf.      Time
       0    1.0064334e+01   8.657616e+00   0.000000e+00      0s
      68    5.0136423e+01   0.000000e+00   0.000000e+00      0s

Solved in 68 iterations and 0.00 seconds
Optimal objective  5.013642336e+01
Optimize a model with 54 rows, 270 columns and 696 nonzeros
Coefficient statistics:
  Matrix range     [7e-03, 1e+00]
  Objective range  [7e-01, 4e+00]
  Bounds range     [0e+00, 0e+00]
  RHS range        [0e+00, 0e+00]
Presolve removed 0 rows and 1 columns
Presolve time: 0.00s

Solved in 0 iterations and 0.00 seconds
Infeasible or unbounded model

Gurobi 7.0.2 (linux64, Python) logging started Wed Jan 31 14:46:44 2018

Optimize a model with 244 rows, 64 columns and 688 nonzeros
Coefficient statistics:
  Matrix range     [7e-02, 1e+00]
  Objective range  [1e+00, 1e+00]
  Bounds range     [0e+00, 0e+00]
  RHS range        [7e-18, 1e+00]
Presolve removed 32 rows and 4 columns
Presolve time: 0.00s
Presolved: 212 rows, 60 columns, 676 nonzeros

Iteration    Objective       Primal Inf.    Dual Inf.      Time
       0    9.7415419e+00   8.091051e+00   0.000000e+00      0s
      66    5.0023663e+01   0.000000e+00   0.000000e+00      0s

Solved in 66 iterations and 0.00 seconds
Optimal objective  5.002366342e+01

Gurobi 7.0.2 (linux64, Python) logging started Wed Jan 31 14:48:20 2018

Optimize a model with 244 rows, 64 columns and 688 nonzeros
Coefficient statistics:
  Matrix range     [6e-02, 1e+00]
  Objective range  [1e+00, 1e+00]
  Bounds range     [0e+00, 0e+00]
  RHS range        [9e-18, 1e+00]
Presolve removed 32 rows and 4 columns
Presolve time: 0.00s
Presolved: 212 rows, 60 columns, 676 nonzeros

Iteration    Objective       Primal Inf.    Dual Inf.      Time
       0    1.0162242e+01   8.397238e+00   0.000000e+00      0s
      68    4.9807465e+01   0.000000e+00   0.000000e+00      0s

Solved in 68 iterations and 0.00 seconds
Optimal objective  4.980746477e+01
Optimize a model with 98 rows, 270 columns and 1264 nonzeros
Coefficient statistics:
  Matrix range     [8e-03, 3e+00]
  Objective range  [6e-01, 4e+00]
  Bounds range     [0e+00, 0e+00]
  RHS range        [1e+00, 1e+00]
Presolve removed 0 rows and 1 columns
Presolve time: 0.00s

Solved in 0 iterations and 0.00 seconds
Infeasible or unbounded model

Gurobi 7.0.2 (linux64, Python) logging started Wed Jan 31 14:55:47 2018

Optimize a model with 244 rows, 64 columns and 688 nonzeros
Coefficient statistics:
  Matrix range     [6e-02, 1e+00]
  Objective range  [1e+00, 1e+00]
  Bounds range     [0e+00, 0e+00]
  RHS range        [4e-18, 1e+00]
Presolve removed 32 rows and 4 columns
Presolve time: 0.00s
Presolved: 212 rows, 60 columns, 676 nonzeros

Iteration    Objective       Primal Inf.    Dual Inf.      Time
       0    1.0445260e+01   8.831039e+00   0.000000e+00      0s
      68    5.0231848e+01   0.000000e+00   0.000000e+00      0s

Solved in 68 iterations and 0.00 seconds
Optimal objective  5.023184799e+01
Optimize a model with 98 rows, 270 columns and 1264 nonzeros
Coefficient statistics:
  Matrix range     [9e-03, 3e+00]
  Objective range  [7e-01, 4e+00]
  Bounds range     [0e+00, 0e+00]
  RHS range        [1e+00, 1e+00]
Presolve removed 0 rows and 1 columns
Presolve time: 0.00s

Solved in 0 iterations and 0.00 seconds
Infeasible or unbounded model

Gurobi 7.0.2 (linux64, Python) logging started Wed Jan 31 15:01:11 2018

Optimize a model with 244 rows, 64 columns and 688 nonzeros
Coefficient statistics:
  Matrix range     [6e-02, 1e+00]
  Objective range  [1e+00, 1e+00]
  Bounds range     [0e+00, 0e+00]
  RHS range        [4e-18, 1e+00]
Presolve removed 32 rows and 4 columns
Presolve time: 0.00s
Presolved: 212 rows, 60 columns, 676 nonzeros

Iteration    Objective       Primal Inf.    Dual Inf.      Time
       0    1.0049850e+01   8.442121e+00   0.000000e+00      0s
      69    4.9846230e+01   0.000000e+00   0.000000e+00      0s

Solved in 69 iterations and 0.00 seconds
Optimal objective  4.984622992e+01
Optimize a model with 97 rows, 270 columns and 1530 nonzeros
Coefficient statistics:
  Matrix range     [1e-02, 1e+00]
  Objective range  [8e-01, 4e+00]
  Bounds range     [0e+00, 0e+00]
  RHS range        [1e+00, 1e+00]
Presolve removed 15 rows and 49 columns
Presolve time: 0.12s
Presolved: 82 rows, 221 columns, 1330 nonzeros

Iteration    Objective       Primal Inf.    Dual Inf.      Time
       0   -1.1770652e+00   2.000000e+00   0.000000e+00      0s
      12   -1.0835774e+00   0.000000e+00   0.000000e+00      0s

Solved in 12 iterations and 0.16 seconds
Optimal objective -1.083577412e+00

Gurobi 7.0.2 (linux64, Python) logging started Wed Jan 31 15:06:04 2018

Optimize a model with 244 rows, 64 columns and 688 nonzeros
Coefficient statistics:
  Matrix range     [6e-02, 1e+00]
  Objective range  [1e+00, 1e+00]
  Bounds range     [0e+00, 0e+00]
  RHS range        [4e-18, 1e+00]
Presolve removed 32 rows and 4 columns
Presolve time: 0.00s
Presolved: 212 rows, 60 columns, 676 nonzeros

Iteration    Objective       Primal Inf.    Dual Inf.      Time
       0    9.8950383e+00   8.165761e+00   0.000000e+00      0s
      66    4.9535410e+01   0.000000e+00   0.000000e+00      0s

Solved in 66 iterations and 0.00 seconds
Optimal objective  4.953540987e+01
Optimize a model with 97 rows, 270 columns and 1530 nonzeros
Coefficient statistics:
  Matrix range     [7e-03, 1e+00]
  Objective range  [6e-01, 4e+00]
  Bounds range     [0e+00, 0e+00]
  RHS range        [1e+00, 1e+00]
Presolve removed 16 rows and 49 columns
Presolve time: 0.00s
Presolved: 81 rows, 221 columns, 1313 nonzeros

Iteration    Objective       Primal Inf.    Dual Inf.      Time
       0   -1.1917405e+00   1.293215e+00   0.000000e+00      0s
       8   -1.1037028e+00   0.000000e+00   0.000000e+00      0s

Solved in 8 iterations and 0.00 seconds
Optimal objective -1.103702832e+00

Gurobi 7.0.2 (linux64, Python) logging started Wed Jan 31 15:27:10 2018

Optimize a model with 244 rows, 64 columns and 688 nonzeros
Coefficient statistics:
  Matrix range     [7e-02, 1e+00]
  Objective range  [1e+00, 1e+00]
  Bounds range     [0e+00, 0e+00]
  RHS range        [2e-18, 1e+00]
Presolve removed 32 rows and 4 columns
Presolve time: 0.00s
Presolved: 212 rows, 60 columns, 676 nonzeros

Iteration    Objective       Primal Inf.    Dual Inf.      Time
       0    1.0250324e+01   8.524870e+00   0.000000e+00      0s
      69    5.0229108e+01   0.000000e+00   0.000000e+00      0s

Solved in 69 iterations and 0.00 seconds
Optimal objective  5.022910812e+01
Optimize a model with 97 rows, 270 columns and 1530 nonzeros
Coefficient statistics:
  Matrix range     [8e-03, 1e+00]
  Objective range  [7e-01, 4e+00]
  Bounds range     [0e+00, 0e+00]
  RHS range        [1e+00, 1e+00]
Presolve removed 15 rows and 49 columns
Presolve time: 0.00s
Presolved: 82 rows, 221 columns, 1330 nonzeros

Iteration    Objective       Primal Inf.    Dual Inf.      Time
       0   -1.1452962e+00   2.000000e+00   0.000000e+00      0s
      18   -1.0553438e+00   0.000000e+00   0.000000e+00      0s

Solved in 18 iterations and 0.00 seconds
Optimal objective -1.055343833e+00

Gurobi 7.0.2 (linux64, Python) logging started Wed Jan 31 15:30:25 2018

Optimize a model with 244 rows, 64 columns and 688 nonzeros
Coefficient statistics:
  Matrix range     [6e-02, 1e+00]
  Objective range  [1e+00, 1e+00]
  Bounds range     [0e+00, 0e+00]
  RHS range        [7e-18, 1e+00]
Presolve removed 32 rows and 4 columns
Presolve time: 0.00s
Presolved: 212 rows, 60 columns, 676 nonzeros

Iteration    Objective       Primal Inf.    Dual Inf.      Time
       0    1.0140811e+01   8.560755e+00   0.000000e+00      0s
      67    5.0223803e+01   0.000000e+00   0.000000e+00      0s

Solved in 67 iterations and 0.00 seconds
Optimal objective  5.022380324e+01
Optimize a model with 97 rows, 270 columns and 1530 nonzeros
Coefficient statistics:
  Matrix range     [5e-03, 1e+00]
  Objective range  [7e-01, 4e+00]
  Bounds range     [0e+00, 0e+00]
  RHS range        [1e+00, 1e+00]
Presolve removed 15 rows and 49 columns
Presolve time: 0.00s
Presolved: 82 rows, 221 columns, 1330 nonzeros

Iteration    Objective       Primal Inf.    Dual Inf.      Time
       0   -1.2402037e+00   2.000000e+00   0.000000e+00      0s
      13   -1.1033385e+00   0.000000e+00   0.000000e+00      0s

Solved in 13 iterations and 0.00 seconds
Optimal objective -1.103338465e+00

Gurobi 7.0.2 (linux64, Python) logging started Wed Jan 31 15:31:25 2018

Optimize a model with 244 rows, 64 columns and 688 nonzeros
Coefficient statistics:
  Matrix range     [6e-02, 1e+00]
  Objective range  [1e+00, 1e+00]
  Bounds range     [0e+00, 0e+00]
  RHS range        [7e-18, 1e+00]
Presolve removed 32 rows and 4 columns
Presolve time: 0.00s
Presolved: 212 rows, 60 columns, 676 nonzeros

Iteration    Objective       Primal Inf.    Dual Inf.      Time
       0    1.0096946e+01   8.466012e+00   0.000000e+00      0s
      73    4.9946714e+01   0.000000e+00   0.000000e+00      0s

Solved in 73 iterations and 0.00 seconds
Optimal objective  4.994671424e+01
Optimize a model with 97 rows, 270 columns and 1530 nonzeros
Coefficient statistics:
  Matrix range     [7e-03, 1e+00]
  Objective range  [6e-01, 4e+00]
  Bounds range     [0e+00, 0e+00]
  RHS range        [1e+00, 1e+00]
Presolve removed 15 rows and 49 columns
Presolve time: 0.00s
Presolved: 82 rows, 221 columns, 1320 nonzeros

Iteration    Objective       Primal Inf.    Dual Inf.      Time
       0   -1.2318647e+00   1.385492e+00   0.000000e+00      0s
      14   -1.1146149e+00   0.000000e+00   0.000000e+00      0s

Solved in 14 iterations and 0.00 seconds
Optimal objective -1.114614910e+00

Gurobi 7.0.2 (linux64, Python) logging started Wed Jan 31 15:33:51 2018

Optimize a model with 244 rows, 64 columns and 688 nonzeros
Coefficient statistics:
  Matrix range     [7e-02, 1e+00]
  Objective range  [1e+00, 1e+00]
  Bounds range     [0e+00, 0e+00]
  RHS range        [7e-18, 1e+00]
Presolve removed 32 rows and 4 columns
Presolve time: 0.00s
Presolved: 212 rows, 60 columns, 676 nonzeros

Iteration    Objective       Primal Inf.    Dual Inf.      Time
       0    1.0161410e+01   8.470780e+00   0.000000e+00      0s
      66    5.0335919e+01   0.000000e+00   0.000000e+00      0s

Solved in 66 iterations and 0.00 seconds
Optimal objective  5.033591911e+01
Optimize a model with 97 rows, 270 columns and 1530 nonzeros
Coefficient statistics:
  Matrix range     [5e-03, 1e+00]
  Objective range  [7e-01, 4e+00]
  Bounds range     [0e+00, 0e+00]
  RHS range        [1e+00, 1e+00]
Presolve removed 16 rows and 49 columns
Presolve time: 0.00s
Presolved: 81 rows, 221 columns, 1318 nonzeros

Iteration    Objective       Primal Inf.    Dual Inf.      Time
       0   -1.2578561e+00   1.187430e+00   0.000000e+00      0s
      18   -1.0948986e+00   0.000000e+00   0.000000e+00      0s

Solved in 18 iterations and 0.00 seconds
Optimal objective -1.094898640e+00

Gurobi 7.0.2 (linux64, Python) logging started Wed Jan 31 15:38:21 2018

Optimize a model with 244 rows, 64 columns and 688 nonzeros
Coefficient statistics:
  Matrix range     [6e-02, 1e+00]
  Objective range  [1e+00, 1e+00]
  Bounds range     [0e+00, 0e+00]
  RHS range        [2e-18, 1e+00]
Presolve removed 32 rows and 4 columns
Presolve time: 0.00s
Presolved: 212 rows, 60 columns, 676 nonzeros

Iteration    Objective       Primal Inf.    Dual Inf.      Time
       0    1.0245112e+01   8.710901e+00   0.000000e+00      0s
      69    5.0128824e+01   0.000000e+00   0.000000e+00      0s

Solved in 69 iterations and 0.00 seconds
Optimal objective  5.012882402e+01
Optimize a model with 97 rows, 270 columns and 1530 nonzeros
Coefficient statistics:
  Matrix range     [7e-03, 1e+00]
  Objective range  [7e-01, 4e+00]
  Bounds range     [0e+00, 0e+00]
  RHS range        [1e+00, 1e+00]
Presolve removed 16 rows and 49 columns
Presolve time: 0.00s
Presolved: 81 rows, 221 columns, 1318 nonzeros

Iteration    Objective       Primal Inf.    Dual Inf.      Time
       0   -1.1272284e+00   2.000000e+00   0.000000e+00      0s
      13   -1.0743497e+00   0.000000e+00   0.000000e+00      0s

Solved in 13 iterations and 0.00 seconds
Optimal objective -1.074349679e+00

Gurobi 7.0.2 (linux64, Python) logging started Wed Jan 31 15:40:28 2018

Optimize a model with 244 rows, 64 columns and 688 nonzeros
Coefficient statistics:
  Matrix range     [6e-02, 1e+00]
  Objective range  [1e+00, 1e+00]
  Bounds range     [0e+00, 0e+00]
  RHS range        [2e-18, 1e+00]
Presolve removed 32 rows and 4 columns
Presolve time: 0.00s
Presolved: 212 rows, 60 columns, 676 nonzeros

Iteration    Objective       Primal Inf.    Dual Inf.      Time
       0    9.9078710e+00   8.266823e+00   0.000000e+00      0s
      66    5.0058311e+01   0.000000e+00   0.000000e+00      0s

Solved in 66 iterations and 0.00 seconds
Optimal objective  5.005831064e+01
Optimize a model with 97 rows, 270 columns and 1530 nonzeros
Coefficient statistics:
  Matrix range     [8e-03, 1e+00]
  Objective range  [8e-01, 4e+00]
  Bounds range     [0e+00, 0e+00]
  RHS range        [1e+00, 1e+00]
Presolve removed 15 rows and 49 columns
Presolve time: 0.00s
Presolved: 82 rows, 221 columns, 1330 nonzeros

Iteration    Objective       Primal Inf.    Dual Inf.      Time
       0   -1.1976179e+00   1.283811e+00   0.000000e+00      0s
      15   -1.0842391e+00   0.000000e+00   0.000000e+00      0s

Solved in 15 iterations and 0.00 seconds
Optimal objective -1.084239073e+00

Gurobi 7.0.2 (linux64, Python) logging started Wed Jan 31 15:43:04 2018

Optimize a model with 244 rows, 64 columns and 688 nonzeros
Coefficient statistics:
  Matrix range     [7e-02, 1e+00]
  Objective range  [1e+00, 1e+00]
  Bounds range     [0e+00, 0e+00]
  RHS range        [9e-18, 1e+00]
Presolve removed 32 rows and 4 columns
Presolve time: 0.00s
Presolved: 212 rows, 60 columns, 676 nonzeros

Iteration    Objective       Primal Inf.    Dual Inf.      Time
       0    9.7282147e+00   8.076844e+00   0.000000e+00      0s
      66    4.9897327e+01   0.000000e+00   0.000000e+00      0s

Solved in 66 iterations and 0.00 seconds
Optimal objective  4.989732692e+01
Optimize a model with 97 rows, 270 columns and 1530 nonzeros
Coefficient statistics:
  Matrix range     [5e-03, 1e+00]
  Objective range  [7e-01, 4e+00]
  Bounds range     [0e+00, 0e+00]
  RHS range        [1e+00, 1e+00]
Presolve removed 16 rows and 49 columns
Presolve time: 0.00s
Presolved: 81 rows, 221 columns, 1313 nonzeros

Iteration    Objective       Primal Inf.    Dual Inf.      Time
       0   -1.2548855e+00   2.000000e+00   0.000000e+00      0s
      12   -1.1453758e+00   0.000000e+00   0.000000e+00      0s

Solved in 12 iterations and 0.00 seconds
Optimal objective -1.145375832e+00

Gurobi 7.0.2 (linux64, Python) logging started Wed Jan 31 15:45:57 2018

Optimize a model with 244 rows, 64 columns and 688 nonzeros
Coefficient statistics:
  Matrix range     [7e-02, 1e+00]
  Objective range  [1e+00, 1e+00]
  Bounds range     [0e+00, 0e+00]
  RHS range        [9e-18, 1e+00]
Presolve removed 32 rows and 4 columns
Presolve time: 0.00s
Presolved: 212 rows, 60 columns, 676 nonzeros

Iteration    Objective       Primal Inf.    Dual Inf.      Time
       0    1.0185386e+01   8.492099e+00   0.000000e+00      0s
      68    4.9888061e+01   0.000000e+00   0.000000e+00      0s

Solved in 68 iterations and 0.00 seconds
Optimal objective  4.988806057e+01
Optimize a model with 99 rows, 270 columns and 1633 nonzeros
Coefficient statistics:
  Matrix range     [6e-03, 1e+00]
  Objective range  [7e-01, 4e+00]
  Bounds range     [0e+00, 0e+00]
  RHS range        [1e+00, 1e+00]
Presolve removed 17 rows and 49 columns
Presolve time: 0.00s
Presolved: 82 rows, 221 columns, 1330 nonzeros

Iteration    Objective       Primal Inf.    Dual Inf.      Time
       0   -1.2443379e+00   1.209059e+00   0.000000e+00      0s
      15   -1.0817710e+00   0.000000e+00   0.000000e+00      0s

Solved in 15 iterations and 0.02 seconds
Optimal objective -1.081771037e+00

Gurobi 7.0.2 (linux64, Python) logging started Wed Jan 31 15:53:44 2018

Optimize a model with 244 rows, 64 columns and 688 nonzeros
Coefficient statistics:
  Matrix range     [7e-02, 1e+00]
  Objective range  [1e+00, 1e+00]
  Bounds range     [0e+00, 0e+00]
  RHS range        [9e-18, 1e+00]
Presolve removed 32 rows and 4 columns
Presolve time: 0.00s
Presolved: 212 rows, 60 columns, 676 nonzeros

Iteration    Objective       Primal Inf.    Dual Inf.      Time
       0    9.9911555e+00   8.376906e+00   0.000000e+00      0s
      66    4.9959754e+01   0.000000e+00   0.000000e+00      0s

Solved in 66 iterations and 0.00 seconds
Optimal objective  4.995975383e+01
Optimize a model with 97 rows, 270 columns and 1378 nonzeros
Coefficient statistics:
  Matrix range     [8e-03, 1e+00]
  Objective range  [7e-01, 4e+00]
  Bounds range     [0e+00, 0e+00]
  RHS range        [1e+00, 1e+00]
Presolve removed 0 rows and 1 columns
Presolve time: 0.00s

Solved in 0 iterations and 0.00 seconds
Infeasible or unbounded model

Gurobi 7.0.2 (linux64, Python) logging started Thu Feb  1 10:48:01 2018

Optimize a model with 244 rows, 64 columns and 688 nonzeros
Coefficient statistics:
  Matrix range     [7e-02, 1e+00]
  Objective range  [1e+00, 1e+00]
  Bounds range     [0e+00, 0e+00]
  RHS range        [2e-18, 1e+00]
Presolve removed 32 rows and 4 columns
Presolve time: 0.00s
Presolved: 212 rows, 60 columns, 676 nonzeros

Iteration    Objective       Primal Inf.    Dual Inf.      Time
       0    9.9996814e+00   8.305906e+00   0.000000e+00      0s
      68    4.9923006e+01   0.000000e+00   0.000000e+00      0s

Solved in 68 iterations and 0.00 seconds
Optimal objective  4.992300582e+01
Optimize a model with 55 rows, 270 columns and 746 nonzeros
Coefficient statistics:
  Matrix range     [6e-03, 1e+00]
  Objective range  [7e-01, 4e+00]
  Bounds range     [0e+00, 0e+00]
  RHS range        [1e+00, 1e+00]
Presolve removed 0 rows and 1 columns
Presolve time: 0.00s

Solved in 0 iterations and 0.00 seconds
Infeasible or unbounded model

Gurobi 7.0.2 (linux64, Python) logging started Thu Feb  1 10:49:28 2018

Optimize a model with 244 rows, 64 columns and 688 nonzeros
Coefficient statistics:
  Matrix range     [7e-02, 1e+00]
  Objective range  [1e+00, 1e+00]
  Bounds range     [0e+00, 0e+00]
  RHS range        [7e-18, 1e+00]
Presolve removed 32 rows and 4 columns
Presolve time: 0.00s
Presolved: 212 rows, 60 columns, 676 nonzeros

Iteration    Objective       Primal Inf.    Dual Inf.      Time
       0    1.0171333e+01   8.580145e+00   0.000000e+00      0s
      65    5.0127657e+01   0.000000e+00   0.000000e+00      0s

Solved in 65 iterations and 0.00 seconds
Optimal objective  5.012765715e+01
Optimize a model with 54 rows, 270 columns and 696 nonzeros
Coefficient statistics:
  Matrix range     [6e-03, 1e+00]
  Objective range  [8e-01, 4e+00]
  Bounds range     [0e+00, 0e+00]
  RHS range        [1e+00, 1e+00]
Presolve removed 0 rows and 1 columns
Presolve time: 0.00s

Solved in 0 iterations and 0.00 seconds
Infeasible or unbounded model

Gurobi 7.0.2 (linux64, Python) logging started Thu Feb  1 10:54:27 2018

Optimize a model with 244 rows, 64 columns and 688 nonzeros
Coefficient statistics:
  Matrix range     [7e-02, 1e+00]
  Objective range  [1e+00, 1e+00]
  Bounds range     [0e+00, 0e+00]
  RHS range        [7e-18, 1e+00]
Presolve removed 32 rows and 4 columns
Presolve time: 0.00s
Presolved: 212 rows, 60 columns, 676 nonzeros

Iteration    Objective       Primal Inf.    Dual Inf.      Time
       0    1.0061698e+01   8.435230e+00   0.000000e+00      0s
      72    4.9854343e+01   0.000000e+00   0.000000e+00      0s

Solved in 72 iterations and 0.00 seconds
Optimal objective  4.985434290e+01
Optimize a model with 54 rows, 152 columns and 420 nonzeros
Coefficient statistics:
  Matrix range     [1e-02, 1e+00]
  Objective range  [7e-01, 4e+00]
  Bounds range     [0e+00, 0e+00]
  RHS range        [1e+00, 1e+00]
Presolve removed 0 rows and 1 columns
Presolve time: 0.00s

Solved in 0 iterations and 0.00 seconds
Infeasible or unbounded model

Gurobi 7.0.2 (linux64, Python) logging started Thu Feb  1 10:57:00 2018

Optimize a model with 244 rows, 64 columns and 688 nonzeros
Coefficient statistics:
  Matrix range     [6e-02, 1e+00]
  Objective range  [1e+00, 1e+00]
  Bounds range     [0e+00, 0e+00]
  RHS range        [4e-18, 1e+00]
Presolve removed 32 rows and 4 columns
Presolve time: 0.00s
Presolved: 212 rows, 60 columns, 676 nonzeros

Iteration    Objective       Primal Inf.    Dual Inf.      Time
       0    9.7752837e+00   8.178005e+00   0.000000e+00      0s
      70    4.9672310e+01   0.000000e+00   0.000000e+00      0s

Solved in 70 iterations and 0.00 seconds
Optimal objective  4.967230994e+01
Optimize a model with 54 rows, 152 columns and 420 nonzeros
Coefficient statistics:
  Matrix range     [8e-03, 1e+00]
  Objective range  [7e-01, 4e+00]
  Bounds range     [0e+00, 0e+00]
  RHS range        [1e+00, 1e+00]
Presolve removed 0 rows and 1 columns
Presolve time: 0.00s

Solved in 0 iterations and 0.00 seconds
Infeasible or unbounded model

Gurobi 7.0.2 (linux64, Python) logging started Thu Feb  1 11:02:02 2018

Optimize a model with 244 rows, 64 columns and 688 nonzeros
Coefficient statistics:
  Matrix range     [7e-02, 1e+00]
  Objective range  [1e+00, 1e+00]
  Bounds range     [0e+00, 0e+00]
  RHS range        [7e-18, 1e+00]
Presolve removed 32 rows and 4 columns
Presolve time: 0.00s
Presolved: 212 rows, 60 columns, 676 nonzeros

Iteration    Objective       Primal Inf.    Dual Inf.      Time
       0    1.0011132e+01   8.409094e+00   0.000000e+00      0s
      69    5.0310862e+01   0.000000e+00   0.000000e+00      0s

Solved in 69 iterations and 0.00 seconds
Optimal objective  5.031086186e+01
Optimize a model with 54 rows, 152 columns and 420 nonzeros
Coefficient statistics:
  Matrix range     [1e-02, 1e+00]
  Objective range  [8e-01, 4e+00]
  Bounds range     [0e+00, 0e+00]
  RHS range        [1e+00, 1e+00]
Presolve removed 0 rows and 1 columns
Presolve time: 0.00s

Solved in 0 iterations and 0.00 seconds
Infeasible or unbounded model

Gurobi 7.0.2 (linux64, Python) logging started Thu Feb  1 11:02:47 2018

Optimize a model with 244 rows, 64 columns and 688 nonzeros
Coefficient statistics:
  Matrix range     [7e-02, 1e+00]
  Objective range  [1e+00, 1e+00]
  Bounds range     [0e+00, 0e+00]
  RHS range        [7e-18, 1e+00]
Presolve removed 32 rows and 4 columns
Presolve time: 0.00s
Presolved: 212 rows, 60 columns, 676 nonzeros

Iteration    Objective       Primal Inf.    Dual Inf.      Time
       0    9.8603837e+00   8.157872e+00   0.000000e+00      0s
      69    5.0098389e+01   0.000000e+00   0.000000e+00      0s

Solved in 69 iterations and 0.00 seconds
Optimal objective  5.009838862e+01
Optimize a model with 54 rows, 152 columns and 420 nonzeros
Coefficient statistics:
  Matrix range     [1e-02, 1e+00]
  Objective range  [6e-01, 4e+00]
  Bounds range     [0e+00, 0e+00]
  RHS range        [1e+00, 1e+00]
Presolve removed 0 rows and 1 columns
Presolve time: 0.00s

Solved in 0 iterations and 0.00 seconds
Infeasible or unbounded model

Gurobi 7.0.2 (linux64, Python) logging started Thu Feb  1 11:25:36 2018

Optimize a model with 244 rows, 64 columns and 688 nonzeros
Coefficient statistics:
  Matrix range     [7e-02, 1e+00]
  Objective range  [1e+00, 1e+00]
  Bounds range     [0e+00, 0e+00]
  RHS range        [7e-18, 1e+00]
Presolve removed 32 rows and 4 columns
Presolve time: 0.00s
Presolved: 212 rows, 60 columns, 676 nonzeros

Iteration    Objective       Primal Inf.    Dual Inf.      Time
       0    1.0291029e+01   8.737787e+00   0.000000e+00      0s
      70    4.9938673e+01   0.000000e+00   0.000000e+00      0s

Solved in 70 iterations and 0.00 seconds
Optimal objective  4.993867280e+01
Optimize a model with 54 rows, 152 columns and 434 nonzeros
Coefficient statistics:
  Matrix range     [8e-03, 1e+00]
  Objective range  [7e-01, 4e+00]
  Bounds range     [0e+00, 0e+00]
  RHS range        [1e+00, 1e+00]
Presolve removed 18 rows and 68 columns
Presolve time: 0.00s
Presolved: 36 rows, 84 columns, 258 nonzeros

Iteration    Objective       Primal Inf.    Dual Inf.      Time
       0   -1.5031243e+31   1.078753e+31   1.503124e+01      0s
      14    2.1886390e+00   0.000000e+00   0.000000e+00      0s

Solved in 14 iterations and 0.00 seconds
Optimal objective  2.188638963e+00

Gurobi 7.0.2 (linux64, Python) logging started Thu Feb  1 11:29:07 2018

Optimize a model with 244 rows, 64 columns and 688 nonzeros
Coefficient statistics:
  Matrix range     [7e-02, 1e+00]
  Objective range  [1e+00, 1e+00]
  Bounds range     [0e+00, 0e+00]
  RHS range        [7e-18, 1e+00]
Presolve removed 32 rows and 4 columns
Presolve time: 0.00s
Presolved: 212 rows, 60 columns, 676 nonzeros

Iteration    Objective       Primal Inf.    Dual Inf.      Time
       0    1.0196031e+01   8.597924e+00   0.000000e+00      0s
      69    4.9669071e+01   0.000000e+00   0.000000e+00      0s

Solved in 69 iterations and 0.00 seconds
Optimal objective  4.966907056e+01
Optimize a model with 55 rows, 152 columns and 484 nonzeros
Coefficient statistics:
  Matrix range     [9e-03, 1e+00]
  Objective range  [7e-01, 4e+00]
  Bounds range     [0e+00, 0e+00]
  RHS range        [1e+00, 1e+00]
Presolve removed 18 rows and 68 columns
Presolve time: 0.00s
Presolved: 37 rows, 84 columns, 266 nonzeros

Iteration    Objective       Primal Inf.    Dual Inf.      Time
       0   -1.4939410e+31   1.077869e+31   1.493941e+01      0s

Solved in 32 iterations and 0.00 seconds
Infeasible or unbounded model

Gurobi 7.0.2 (linux64, Python) logging started Thu Feb  1 11:30:28 2018

Optimize a model with 244 rows, 64 columns and 688 nonzeros
Coefficient statistics:
  Matrix range     [7e-02, 1e+00]
  Objective range  [1e+00, 1e+00]
  Bounds range     [0e+00, 0e+00]
  RHS range        [7e-18, 1e+00]
Presolve removed 32 rows and 4 columns
Presolve time: 0.00s
Presolved: 212 rows, 60 columns, 676 nonzeros

Iteration    Objective       Primal Inf.    Dual Inf.      Time
       0    1.0164878e+01   8.442435e+00   0.000000e+00      0s
      68    5.0025642e+01   0.000000e+00   0.000000e+00      0s

Solved in 68 iterations and 0.00 seconds
Optimal objective  5.002564187e+01
Optimize a model with 54 rows, 152 columns and 434 nonzeros
Coefficient statistics:
  Matrix range     [1e-02, 1e+00]
  Objective range  [8e-01, 4e+00]
  Bounds range     [0e+00, 0e+00]
  RHS range        [1e+00, 1e+00]
Presolve removed 18 rows and 68 columns
Presolve time: 0.00s
Presolved: 36 rows, 84 columns, 258 nonzeros

Iteration    Objective       Primal Inf.    Dual Inf.      Time
       0   -1.4923042e+31   1.073282e+31   1.492304e+01      0s
      14    2.1450085e+00   0.000000e+00   0.000000e+00      0s

Solved in 14 iterations and 0.00 seconds
Optimal objective  2.145008526e+00

Gurobi 7.0.2 (linux64, Python) logging started Thu Feb  1 11:33:41 2018

Optimize a model with 244 rows, 64 columns and 688 nonzeros
Coefficient statistics:
  Matrix range     [7e-02, 1e+00]
  Objective range  [1e+00, 1e+00]
  Bounds range     [0e+00, 0e+00]
  RHS range        [9e-18, 1e+00]
Presolve removed 32 rows and 4 columns
Presolve time: 0.00s
Presolved: 212 rows, 60 columns, 676 nonzeros

Iteration    Objective       Primal Inf.    Dual Inf.      Time
       0    9.9200160e+00   8.181689e+00   0.000000e+00      0s
      66    4.9947697e+01   0.000000e+00   0.000000e+00      0s

Solved in 66 iterations and 0.00 seconds
Optimal objective  4.994769671e+01
Optimize a model with 55 rows, 152 columns and 484 nonzeros
Coefficient statistics:
  Matrix range     [1e-02, 1e+00]
  Objective range  [7e-01, 4e+00]
  Bounds range     [0e+00, 0e+00]
  RHS range        [1e-01, 1e+00]
Presolve removed 18 rows and 68 columns
Presolve time: 0.00s
Presolved: 37 rows, 84 columns, 266 nonzeros

Iteration    Objective       Primal Inf.    Dual Inf.      Time
       0   -1.4996906e+31   1.081889e+31   1.499691e+01      0s

Solved in 31 iterations and 0.00 seconds
Infeasible or unbounded model

Gurobi 7.0.2 (linux64, Python) logging started Thu Feb  1 11:34:25 2018

Optimize a model with 244 rows, 64 columns and 688 nonzeros
Coefficient statistics:
  Matrix range     [7e-02, 1e+00]
  Objective range  [1e+00, 1e+00]
  Bounds range     [0e+00, 0e+00]
  RHS range        [4e-18, 1e+00]
Presolve removed 32 rows and 4 columns
Presolve time: 0.00s
Presolved: 212 rows, 60 columns, 676 nonzeros

Iteration    Objective       Primal Inf.    Dual Inf.      Time
       0    9.7451887e+00   8.089618e+00   0.000000e+00      0s
      69    4.9497047e+01   0.000000e+00   0.000000e+00      0s

Solved in 69 iterations and 0.00 seconds
Optimal objective  4.949704720e+01
Optimize a model with 55 rows, 152 columns and 484 nonzeros
Coefficient statistics:
  Matrix range     [1e-02, 1e+00]
  Objective range  [8e-01, 4e+00]
  Bounds range     [0e+00, 0e+00]
  RHS range        [1e-02, 1e+00]
Presolve removed 18 rows and 68 columns
Presolve time: 0.00s
Presolved: 37 rows, 84 columns, 266 nonzeros

Iteration    Objective       Primal Inf.    Dual Inf.      Time
       0   -1.4931522e+31   1.083641e+31   1.493152e+01      0s

Solved in 30 iterations and 0.00 seconds
Infeasible or unbounded model

Gurobi 7.0.2 (linux64, Python) logging started Thu Feb  1 11:38:13 2018

Optimize a model with 244 rows, 64 columns and 688 nonzeros
Coefficient statistics:
  Matrix range     [7e-02, 1e+00]
  Objective range  [1e+00, 1e+00]
  Bounds range     [0e+00, 0e+00]
  RHS range        [2e-18, 1e+00]
Presolve removed 32 rows and 4 columns
Presolve time: 0.00s
Presolved: 212 rows, 60 columns, 676 nonzeros

Iteration    Objective       Primal Inf.    Dual Inf.      Time
       0    1.0358292e+01   8.801778e+00   0.000000e+00      0s
      65    4.9962006e+01   0.000000e+00   0.000000e+00      0s

Solved in 65 iterations and 0.00 seconds
Optimal objective  4.996200585e+01
Optimize a model with 54 rows, 152 columns and 434 nonzeros
Coefficient statistics:
  Matrix range     [9e-03, 1e+00]
  Objective range  [8e-01, 4e+00]
  Bounds range     [0e+00, 0e+00]
  RHS range        [1e+00, 1e+00]
Presolve removed 18 rows and 68 columns
Presolve time: 0.00s
Presolved: 36 rows, 84 columns, 258 nonzeros

Iteration    Objective       Primal Inf.    Dual Inf.      Time
       0   -1.4912391e+31   1.067932e+31   1.491239e+01      0s
      14    2.1372180e+00   0.000000e+00   0.000000e+00      0s

Solved in 14 iterations and 0.00 seconds
Optimal objective  2.137218017e+00

Gurobi 7.0.2 (linux64, Python) logging started Thu Feb  1 11:38:59 2018

Optimize a model with 244 rows, 64 columns and 688 nonzeros
Coefficient statistics:
  Matrix range     [7e-02, 1e+00]
  Objective range  [1e+00, 1e+00]
  Bounds range     [0e+00, 0e+00]
  RHS range        [7e-18, 1e+00]
Presolve removed 32 rows and 4 columns
Presolve time: 0.00s
Presolved: 212 rows, 60 columns, 676 nonzeros

Iteration    Objective       Primal Inf.    Dual Inf.      Time
       0    1.0275980e+01   8.755702e+00   0.000000e+00      0s
      66    5.0107038e+01   0.000000e+00   0.000000e+00      0s

Solved in 66 iterations and 0.00 seconds
Optimal objective  5.010703790e+01
Optimize a model with 54 rows, 152 columns and 434 nonzeros
Coefficient statistics:
  Matrix range     [9e-03, 1e+00]
  Objective range  [8e-01, 4e+00]
  Bounds range     [0e+00, 0e+00]
  RHS range        [1e+00, 1e+00]
Presolve removed 18 rows and 68 columns
Presolve time: 0.00s
Presolved: 36 rows, 84 columns, 258 nonzeros

Iteration    Objective       Primal Inf.    Dual Inf.      Time
       0   -1.4654729e+31   1.067535e+31   1.465473e+01      0s
      14    2.2291644e+00   0.000000e+00   0.000000e+00      0s

Solved in 14 iterations and 0.00 seconds
Optimal objective  2.229164356e+00

Gurobi 7.0.2 (linux64, Python) logging started Thu Feb  1 11:40:08 2018

Optimize a model with 244 rows, 64 columns and 688 nonzeros
Coefficient statistics:
  Matrix range     [7e-02, 1e+00]
  Objective range  [1e+00, 1e+00]
  Bounds range     [0e+00, 0e+00]
  RHS range        [4e-18, 1e+00]
Presolve removed 32 rows and 4 columns
Presolve time: 0.00s
Presolved: 212 rows, 60 columns, 676 nonzeros

Iteration    Objective       Primal Inf.    Dual Inf.      Time
       0    9.9652457e+00   8.027636e+00   0.000000e+00      0s
      69    5.0313062e+01   0.000000e+00   0.000000e+00      0s

Solved in 69 iterations and 0.00 seconds
Optimal objective  5.031306233e+01
Optimize a model with 54 rows, 152 columns and 434 nonzeros
Coefficient statistics:
  Matrix range     [1e-02, 1e+00]
  Objective range  [8e-01, 4e+00]
  Bounds range     [0e+00, 0e+00]
  RHS range        [1e+00, 1e+00]
Presolve removed 18 rows and 68 columns
Presolve time: 0.00s
Presolved: 36 rows, 84 columns, 258 nonzeros

Iteration    Objective       Primal Inf.    Dual Inf.      Time
       0   -1.4932208e+31   1.074215e+31   1.493221e+01      0s
      14    2.1135730e+00   0.000000e+00   0.000000e+00      0s

Solved in 14 iterations and 0.00 seconds
Optimal objective  2.113572976e+00

Gurobi 7.0.2 (linux64, Python) logging started Thu Feb  1 11:52:27 2018

Optimize a model with 244 rows, 64 columns and 688 nonzeros
Coefficient statistics:
  Matrix range     [6e-02, 1e+00]
  Objective range  [1e+00, 1e+00]
  Bounds range     [0e+00, 0e+00]
  RHS range        [4e-18, 1e+00]
Presolve removed 32 rows and 4 columns
Presolve time: 0.00s
Presolved: 212 rows, 60 columns, 676 nonzeros

Iteration    Objective       Primal Inf.    Dual Inf.      Time
       0    9.5908267e+00   7.934765e+00   0.000000e+00      0s
      68    5.0099833e+01   0.000000e+00   0.000000e+00      0s

Solved in 68 iterations and 0.00 seconds
Optimal objective  5.009983292e+01
Optimize a model with 54 rows, 152 columns and 434 nonzeros
Coefficient statistics:
  Matrix range     [9e-03, 1e+00]
  Objective range  [7e-01, 4e+00]
  Bounds range     [0e+00, 0e+00]
  RHS range        [1e+00, 1e+00]
Presolve removed 18 rows and 68 columns
Presolve time: 0.00s
Presolved: 36 rows, 84 columns, 258 nonzeros

Iteration    Objective       Primal Inf.    Dual Inf.      Time
       0   -1.4988679e+31   1.077678e+31   1.498868e+01      0s
      14    2.1910367e+00   0.000000e+00   0.000000e+00      0s

Solved in 14 iterations and 0.00 seconds
Optimal objective  2.191036688e+00

Gurobi 7.0.2 (linux64, Python) logging started Thu Feb  1 11:57:51 2018

Optimize a model with 244 rows, 64 columns and 688 nonzeros
Coefficient statistics:
  Matrix range     [7e-02, 1e+00]
  Objective range  [1e+00, 1e+00]
  Bounds range     [0e+00, 0e+00]
  RHS range        [4e-18, 1e+00]
Presolve removed 32 rows and 4 columns
Presolve time: 0.00s
Presolved: 212 rows, 60 columns, 676 nonzeros

Iteration    Objective       Primal Inf.    Dual Inf.      Time
       0    1.0198049e+01   8.617760e+00   0.000000e+00      0s
      66    4.9832038e+01   0.000000e+00   0.000000e+00      0s

Solved in 66 iterations and 0.00 seconds
Optimal objective  4.983203844e+01
Optimize a model with 54 rows, 152 columns and 434 nonzeros
Coefficient statistics:
  Matrix range     [1e-02, 1e+00]
  Objective range  [7e-01, 4e+00]
  Bounds range     [0e+00, 0e+00]
  RHS range        [1e+00, 1e+00]
Presolve removed 18 rows and 68 columns
Presolve time: 0.00s
Presolved: 36 rows, 84 columns, 258 nonzeros

Iteration    Objective       Primal Inf.    Dual Inf.      Time
       0   -1.4715727e+31   1.069168e+31   1.471573e+01      0s
      14    2.0578162e+00   0.000000e+00   0.000000e+00      0s

Solved in 14 iterations and 0.00 seconds
Optimal objective  2.057816247e+00

Gurobi 7.0.2 (linux64, Python) logging started Thu Feb  1 12:23:25 2018

Optimize a model with 244 rows, 64 columns and 688 nonzeros
Coefficient statistics:
  Matrix range     [7e-02, 1e+00]
  Objective range  [1e+00, 1e+00]
  Bounds range     [0e+00, 0e+00]
  RHS range        [7e-18, 1e+00]
Presolve removed 32 rows and 4 columns
Presolve time: 0.00s
Presolved: 212 rows, 60 columns, 676 nonzeros

Iteration    Objective       Primal Inf.    Dual Inf.      Time
       0    1.0239663e+01   8.663697e+00   0.000000e+00      0s
      66    4.9547368e+01   0.000000e+00   0.000000e+00      0s

Solved in 66 iterations and 0.00 seconds
Optimal objective  4.954736772e+01
Optimize a model with 54 rows, 152 columns and 434 nonzeros
Coefficient statistics:
  Matrix range     [1e-02, 1e+00]
  Objective range  [6e-01, 4e+00]
  Bounds range     [0e+00, 0e+00]
  RHS range        [1e+00, 1e+00]
Presolve removed 18 rows and 68 columns
Presolve time: 0.00s
Presolved: 36 rows, 84 columns, 258 nonzeros

Iteration    Objective       Primal Inf.    Dual Inf.      Time
       0   -1.4622801e+31   1.076798e+31   1.462280e+01      0s
      15    2.2109707e+00   0.000000e+00   0.000000e+00      0s

Solved in 15 iterations and 0.00 seconds
Optimal objective  2.210970670e+00

Gurobi 7.0.2 (linux64, Python) logging started Thu Feb  1 12:25:38 2018

Optimize a model with 244 rows, 64 columns and 688 nonzeros
Coefficient statistics:
  Matrix range     [7e-02, 1e+00]
  Objective range  [1e+00, 1e+00]
  Bounds range     [0e+00, 0e+00]
  RHS range        [7e-18, 1e+00]
Presolve removed 32 rows and 4 columns
Presolve time: 0.00s
Presolved: 212 rows, 60 columns, 676 nonzeros

Iteration    Objective       Primal Inf.    Dual Inf.      Time
       0    9.9165832e+00   8.315700e+00   0.000000e+00      0s
      66    5.0188319e+01   0.000000e+00   0.000000e+00      0s

Solved in 66 iterations and 0.00 seconds
Optimal objective  5.018831883e+01
Optimize a model with 54 rows, 152 columns and 434 nonzeros
Coefficient statistics:
  Matrix range     [8e-03, 1e+00]
  Objective range  [7e-01, 4e+00]
  Bounds range     [0e+00, 0e+00]
  RHS range        [1e+00, 1e+00]
Presolve removed 18 rows and 68 columns
Presolve time: 0.00s
Presolved: 36 rows, 84 columns, 258 nonzeros

Iteration    Objective       Primal Inf.    Dual Inf.      Time
       0   -1.4782312e+31   1.071135e+31   1.478231e+01      0s
      14    2.1253105e+00   0.000000e+00   0.000000e+00      0s

Solved in 14 iterations and 0.00 seconds
Optimal objective  2.125310468e+00

Gurobi 7.0.2 (linux64, Python) logging started Thu Feb  1 13:42:32 2018

Optimize a model with 244 rows, 64 columns and 688 nonzeros
Coefficient statistics:
  Matrix range     [7e-02, 1e+00]
  Objective range  [1e+00, 1e+00]
  Bounds range     [0e+00, 0e+00]
  RHS range        [7e-18, 1e+00]
Presolve removed 32 rows and 4 columns
Presolve time: 0.00s
Presolved: 212 rows, 60 columns, 676 nonzeros

Iteration    Objective       Primal Inf.    Dual Inf.      Time
       0    1.0238390e+01   8.570503e+00   0.000000e+00      0s
      70    5.0061667e+01   0.000000e+00   0.000000e+00      0s

Solved in 70 iterations and 0.00 seconds
Optimal objective  5.006166679e+01
Optimize a model with 54 rows, 152 columns and 420 nonzeros
Coefficient statistics:
  Matrix range     [9e-03, 1e+00]
  Objective range  [8e-01, 4e+00]
  Bounds range     [0e+00, 0e+00]
  RHS range        [1e+00, 1e+00]
Presolve removed 0 rows and 1 columns
Presolve time: 0.00s

Solved in 0 iterations and 0.00 seconds
Infeasible or unbounded model

Gurobi 7.0.2 (linux64, Python) logging started Thu Feb  1 13:56:51 2018

Optimize a model with 244 rows, 64 columns and 688 nonzeros
Coefficient statistics:
  Matrix range     [7e-02, 1e+00]
  Objective range  [1e+00, 1e+00]
  Bounds range     [0e+00, 0e+00]
  RHS range        [4e-18, 1e+00]
Presolve removed 32 rows and 4 columns
Presolve time: 0.00s
Presolved: 212 rows, 60 columns, 676 nonzeros

Iteration    Objective       Primal Inf.    Dual Inf.      Time
       0    9.9867976e+00   8.162493e+00   0.000000e+00      0s
      66    5.0044311e+01   0.000000e+00   0.000000e+00      0s

Solved in 66 iterations and 0.00 seconds
Optimal objective  5.004431056e+01
Optimize a model with 54 rows, 152 columns and 417 nonzeros
Coefficient statistics:
  Matrix range     [1e-02, 1e+00]
  Objective range  [7e-01, 4e+00]
  Bounds range     [0e+00, 0e+00]
  RHS range        [1e+00, 1e+00]
Presolve removed 0 rows and 1 columns
Presolve time: 0.00s

Solved in 0 iterations and 0.00 seconds
Infeasible or unbounded model

Gurobi 7.0.2 (linux64, Python) logging started Thu Feb  1 13:58:40 2018

Optimize a model with 244 rows, 64 columns and 688 nonzeros
Coefficient statistics:
  Matrix range     [7e-02, 1e+00]
  Objective range  [1e+00, 1e+00]
  Bounds range     [0e+00, 0e+00]
  RHS range        [4e-18, 1e+00]
Presolve removed 32 rows and 4 columns
Presolve time: 0.00s
Presolved: 212 rows, 60 columns, 676 nonzeros

Iteration    Objective       Primal Inf.    Dual Inf.      Time
       0    1.0202259e+01   8.798456e+00   0.000000e+00      0s
      69    5.0437169e+01   0.000000e+00   0.000000e+00      0s

Solved in 69 iterations and 0.00 seconds
Optimal objective  5.043716900e+01
Optimize a model with 54 rows, 152 columns and 430 nonzeros
Coefficient statistics:
  Matrix range     [1e-02, 1e+00]
  Objective range  [7e-01, 4e+00]
  Bounds range     [0e+00, 0e+00]
  RHS range        [1e+00, 1e+00]
Presolve removed 19 rows and 69 columns
Presolve time: 0.00s
Presolved: 35 rows, 83 columns, 251 nonzeros

Iteration    Objective       Primal Inf.    Dual Inf.      Time
       0   -1.4817389e+31   1.069025e+31   1.481739e+01      0s
      13    2.1566896e+00   0.000000e+00   0.000000e+00      0s

Solved in 13 iterations and 0.00 seconds
Optimal objective  2.156689559e+00

Gurobi 7.0.2 (linux64, Python) logging started Thu Feb  1 14:35:55 2018

Optimize a model with 244 rows, 64 columns and 688 nonzeros
Coefficient statistics:
  Matrix range     [6e-02, 1e+00]
  Objective range  [1e+00, 1e+00]
  Bounds range     [0e+00, 0e+00]
  RHS range        [7e-18, 1e+00]
Presolve removed 32 rows and 4 columns
Presolve time: 0.00s
Presolved: 212 rows, 60 columns, 676 nonzeros

Iteration    Objective       Primal Inf.    Dual Inf.      Time
       0    9.9873553e+00   8.418529e+00   0.000000e+00      0s
      66    4.9964017e+01   0.000000e+00   0.000000e+00      0s

Solved in 66 iterations and 0.00 seconds
Optimal objective  4.996401700e+01

Gurobi 7.0.2 (linux64, Python) logging started Thu Feb  1 14:37:25 2018

Optimize a model with 244 rows, 64 columns and 688 nonzeros
Coefficient statistics:
  Matrix range     [7e-02, 1e+00]
  Objective range  [1e+00, 1e+00]
  Bounds range     [0e+00, 0e+00]
  RHS range        [2e-18, 1e+00]
Presolve removed 32 rows and 4 columns
Presolve time: 0.00s
Presolved: 212 rows, 60 columns, 676 nonzeros

Iteration    Objective       Primal Inf.    Dual Inf.      Time
       0    1.0262262e+01   8.673418e+00   0.000000e+00      0s
      69    4.9515421e+01   0.000000e+00   0.000000e+00      0s

Solved in 69 iterations and 0.00 seconds
Optimal objective  4.951542069e+01

Gurobi 7.0.2 (linux64, Python) logging started Thu Feb  1 14:38:25 2018

Optimize a model with 244 rows, 64 columns and 688 nonzeros
Coefficient statistics:
  Matrix range     [7e-02, 1e+00]
  Objective range  [1e+00, 1e+00]
  Bounds range     [0e+00, 0e+00]
  RHS range        [7e-18, 1e+00]
Presolve removed 32 rows and 4 columns
Presolve time: 0.00s
Presolved: 212 rows, 60 columns, 676 nonzeros

Iteration    Objective       Primal Inf.    Dual Inf.      Time
       0    9.7782833e+00   8.118857e+00   0.000000e+00      0s
      67    4.9756510e+01   0.000000e+00   0.000000e+00      0s

Solved in 67 iterations and 0.00 seconds
Optimal objective  4.975650987e+01

Gurobi 7.0.2 (linux64, Python) logging started Thu Feb  1 14:40:25 2018

Optimize a model with 244 rows, 64 columns and 688 nonzeros
Coefficient statistics:
  Matrix range     [7e-02, 1e+00]
  Objective range  [1e+00, 1e+00]
  Bounds range     [0e+00, 0e+00]
  RHS range        [9e-18, 1e+00]
Presolve removed 32 rows and 4 columns
Presolve time: 0.00s
Presolved: 212 rows, 60 columns, 676 nonzeros

Iteration    Objective       Primal Inf.    Dual Inf.      Time
       0    9.7015176e+00   7.889017e+00   0.000000e+00      0s
      69    5.0249775e+01   0.000000e+00   0.000000e+00      0s

Solved in 69 iterations and 0.00 seconds
Optimal objective  5.024977489e+01
Optimize a model with 96 rows, 270 columns and 814 nonzeros
Coefficient statistics:
  Matrix range     [1e-02, 1e+00]
  Objective range  [8e-01, 4e+00]
  Bounds range     [0e+00, 0e+00]
  RHS range        [1e+00, 1e+00]
Presolve removed 0 rows and 1 columns
Presolve time: 0.00s

Solved in 0 iterations and 0.00 seconds
Infeasible or unbounded model

Gurobi 7.0.2 (linux64, Python) logging started Thu Feb  1 14:44:54 2018

Optimize a model with 244 rows, 64 columns and 688 nonzeros
Coefficient statistics:
  Matrix range     [7e-02, 1e+00]
  Objective range  [1e+00, 1e+00]
  Bounds range     [0e+00, 0e+00]
  RHS range        [4e-18, 1e+00]
Presolve removed 32 rows and 4 columns
Presolve time: 0.00s
Presolved: 212 rows, 60 columns, 676 nonzeros

Iteration    Objective       Primal Inf.    Dual Inf.      Time
       0    9.9068025e+00   8.167255e+00   0.000000e+00      0s
      70    4.9505140e+01   0.000000e+00   0.000000e+00      0s

Solved in 70 iterations and 0.00 seconds
Optimal objective  4.950514011e+01

Gurobi 7.0.2 (linux64, Python) logging started Thu Feb  1 14:45:35 2018

Optimize a model with 244 rows, 64 columns and 688 nonzeros
Coefficient statistics:
  Matrix range     [7e-02, 1e+00]
  Objective range  [1e+00, 1e+00]
  Bounds range     [0e+00, 0e+00]
  RHS range        [7e-18, 1e+00]
Presolve removed 32 rows and 4 columns
Presolve time: 0.00s
Presolved: 212 rows, 60 columns, 676 nonzeros

Iteration    Objective       Primal Inf.    Dual Inf.      Time
       0    9.7618844e+00   8.058521e+00   0.000000e+00      0s
      69    4.9399118e+01   0.000000e+00   0.000000e+00      0s

Solved in 69 iterations and 0.00 seconds
Optimal objective  4.939911786e+01
Optimize a model with 97 rows, 270 columns and 914 nonzeros
Coefficient statistics:
  Matrix range     [9e-03, 1e+00]
  Objective range  [7e-01, 4e+00]
  Bounds range     [0e+00, 0e+00]
  RHS range        [1e+00, 1e+00]
Presolve removed 0 rows and 1 columns
Presolve time: 0.00s

Solved in 0 iterations and 0.00 seconds
Infeasible or unbounded model

Gurobi 7.0.2 (linux64, Python) logging started Thu Feb  1 14:47:55 2018

Optimize a model with 244 rows, 64 columns and 688 nonzeros
Coefficient statistics:
  Matrix range     [6e-02, 1e+00]
  Objective range  [1e+00, 1e+00]
  Bounds range     [0e+00, 0e+00]
  RHS range        [7e-18, 1e+00]
Presolve removed 32 rows and 4 columns
Presolve time: 0.00s
Presolved: 212 rows, 60 columns, 676 nonzeros

Iteration    Objective       Primal Inf.    Dual Inf.      Time
       0    1.0218842e+01   8.807915e+00   0.000000e+00      0s
      69    5.0691518e+01   0.000000e+00   0.000000e+00      0s

Solved in 69 iterations and 0.00 seconds
Optimal objective  5.069151845e+01
Optimize a model with 96 rows, 270 columns and 814 nonzeros
Coefficient statistics:
  Matrix range     [7e-03, 1e+00]
  Objective range  [7e-01, 4e+00]
  Bounds range     [0e+00, 0e+00]
  RHS range        [0e+00, 0e+00]
Presolve removed 0 rows and 1 columns
Presolve time: 0.00s

Solved in 0 iterations and 0.00 seconds
Infeasible or unbounded model

Gurobi 7.0.2 (linux64, Python) logging started Thu Feb  1 14:50:56 2018

Optimize a model with 244 rows, 64 columns and 688 nonzeros
Coefficient statistics:
  Matrix range     [7e-02, 1e+00]
  Objective range  [1e+00, 1e+00]
  Bounds range     [0e+00, 0e+00]
  RHS range        [7e-18, 1e+00]
Presolve removed 32 rows and 4 columns
Presolve time: 0.00s
Presolved: 212 rows, 60 columns, 676 nonzeros

Iteration    Objective       Primal Inf.    Dual Inf.      Time
       0    9.8625840e+00   8.290410e+00   0.000000e+00      0s
      65    4.9944428e+01   0.000000e+00   0.000000e+00      0s

Solved in 65 iterations and 0.00 seconds
Optimal objective  4.994442822e+01

Gurobi 7.0.2 (linux64, Python) logging started Thu Feb  1 14:51:48 2018

Optimize a model with 244 rows, 64 columns and 688 nonzeros
Coefficient statistics:
  Matrix range     [7e-02, 1e+00]
  Objective range  [1e+00, 1e+00]
  Bounds range     [0e+00, 0e+00]
  RHS range        [9e-18, 1e+00]
Presolve removed 32 rows and 4 columns
Presolve time: 0.00s
Presolved: 212 rows, 60 columns, 676 nonzeros

Iteration    Objective       Primal Inf.    Dual Inf.      Time
       0    9.8185710e+00   8.143336e+00   0.000000e+00      0s
      64    5.0173568e+01   0.000000e+00   0.000000e+00      0s

Solved in 64 iterations and 0.00 seconds
Optimal objective  5.017356812e+01
Optimize a model with 134 rows, 528 columns and 3380 nonzeros
Coefficient statistics:
  Matrix range     [3e-03, 1e+00]
  Objective range  [1e-03, 5e+00]
  Bounds range     [0e+00, 0e+00]
  RHS range        [3e-01, 1e+00]
Presolve time: 0.00s

Solved in 0 iterations and 0.00 seconds
Infeasible or unbounded model

Gurobi 7.0.2 (linux64, Python) logging started Thu Feb  1 14:53:07 2018

Optimize a model with 244 rows, 64 columns and 688 nonzeros
Coefficient statistics:
  Matrix range     [5e-02, 1e+00]
  Objective range  [1e+00, 1e+00]
  Bounds range     [0e+00, 0e+00]
  RHS range        [4e-18, 1e+00]
Presolve removed 32 rows and 4 columns
Presolve time: 0.00s
Presolved: 212 rows, 60 columns, 676 nonzeros

Iteration    Objective       Primal Inf.    Dual Inf.      Time
       0    9.7202935e+00   8.042567e+00   0.000000e+00      0s
      65    4.9762406e+01   0.000000e+00   0.000000e+00      0s

Solved in 65 iterations and 0.00 seconds
Optimal objective  4.976240613e+01
Optimize a model with 134 rows, 528 columns and 3380 nonzeros
Coefficient statistics:
  Matrix range     [3e-03, 1e+00]
  Objective range  [7e-03, 5e+00]
  Bounds range     [0e+00, 0e+00]
  RHS range        [1e-01, 1e+00]
Presolve time: 0.00s

Solved in 0 iterations and 0.00 seconds
Infeasible or unbounded model

Gurobi 7.0.2 (linux64, Python) logging started Thu Feb  1 14:56:46 2018

Optimize a model with 244 rows, 64 columns and 688 nonzeros
Coefficient statistics:
  Matrix range     [6e-02, 1e+00]
  Objective range  [1e+00, 1e+00]
  Bounds range     [0e+00, 0e+00]
  RHS range        [7e-18, 1e+00]
Presolve removed 32 rows and 4 columns
Presolve time: 0.00s
Presolved: 212 rows, 60 columns, 676 nonzeros

Iteration    Objective       Primal Inf.    Dual Inf.      Time
       0    9.7037464e+00   7.971385e+00   0.000000e+00      0s
      67    4.9590172e+01   0.000000e+00   0.000000e+00      0s

Solved in 67 iterations and 0.00 seconds
Optimal objective  4.959017183e+01
Optimize a model with 133 rows, 528 columns and 3376 nonzeros
Coefficient statistics:
  Matrix range     [3e-03, 1e+00]
  Objective range  [3e-02, 5e+00]
  Bounds range     [0e+00, 0e+00]
  RHS range        [1e+00, 1e+00]
Presolve time: 0.00s

Solved in 0 iterations and 0.00 seconds
Infeasible or unbounded model

Gurobi 7.0.2 (linux64, Python) logging started Thu Feb  1 14:57:40 2018

Optimize a model with 244 rows, 64 columns and 688 nonzeros
Coefficient statistics:
  Matrix range     [7e-02, 1e+00]
  Objective range  [1e+00, 1e+00]
  Bounds range     [0e+00, 0e+00]
  RHS range        [7e-18, 1e+00]
Presolve removed 32 rows and 4 columns
Presolve time: 0.00s
Presolved: 212 rows, 60 columns, 676 nonzeros

Iteration    Objective       Primal Inf.    Dual Inf.      Time
       0    1.0225873e+01   8.508490e+00   0.000000e+00      0s
      66    4.9548422e+01   0.000000e+00   0.000000e+00      0s

Solved in 66 iterations and 0.00 seconds
Optimal objective  4.954842244e+01
Optimize a model with 134 rows, 528 columns and 3380 nonzeros
Coefficient statistics:
  Matrix range     [4e-03, 1e+00]
  Objective range  [2e-02, 5e+00]
  Bounds range     [0e+00, 0e+00]
  RHS range        [1e-01, 1e+00]
Presolve time: 0.00s

Solved in 0 iterations and 0.00 seconds
Infeasible or unbounded model

Gurobi 7.0.2 (linux64, Python) logging started Thu Feb  1 14:59:53 2018

Optimize a model with 244 rows, 64 columns and 688 nonzeros
Coefficient statistics:
  Matrix range     [6e-02, 1e+00]
  Objective range  [1e+00, 1e+00]
  Bounds range     [0e+00, 0e+00]
  RHS range        [7e-18, 1e+00]
Presolve removed 32 rows and 4 columns
Presolve time: 0.00s
Presolved: 212 rows, 60 columns, 676 nonzeros

Iteration    Objective       Primal Inf.    Dual Inf.      Time
       0    9.9468740e+00   8.253951e+00   0.000000e+00      0s
      67    5.0064923e+01   0.000000e+00   0.000000e+00      0s

Solved in 67 iterations and 0.00 seconds
Optimal objective  5.006492258e+01
Optimize a model with 134 rows, 528 columns and 3380 nonzeros
Coefficient statistics:
  Matrix range     [4e-03, 1e+00]
  Objective range  [3e-02, 5e+00]
  Bounds range     [0e+00, 0e+00]
  RHS range        [1e-01, 1e+00]
Presolve time: 0.00s

Solved in 0 iterations and 0.00 seconds
Infeasible or unbounded model

Gurobi 7.0.2 (linux64, Python) logging started Thu Feb  1 15:00:18 2018

Optimize a model with 244 rows, 64 columns and 688 nonzeros
Coefficient statistics:
  Matrix range     [7e-02, 1e+00]
  Objective range  [1e+00, 1e+00]
  Bounds range     [0e+00, 0e+00]
  RHS range        [2e-18, 1e+00]
Presolve removed 32 rows and 4 columns
Presolve time: 0.00s
Presolved: 212 rows, 60 columns, 676 nonzeros

Iteration    Objective       Primal Inf.    Dual Inf.      Time
       0    9.7711332e+00   7.936370e+00   0.000000e+00      0s
      67    4.9929147e+01   0.000000e+00   0.000000e+00      0s

Solved in 67 iterations and 0.00 seconds
Optimal objective  4.992914732e+01
Optimize a model with 134 rows, 528 columns and 3380 nonzeros
Coefficient statistics:
  Matrix range     [4e-03, 1e+00]
  Objective range  [7e-03, 5e+00]
  Bounds range     [0e+00, 0e+00]
  RHS range        [1e-01, 1e+00]
Presolve time: 0.00s

Solved in 0 iterations and 0.00 seconds
Infeasible or unbounded model

Gurobi 7.0.2 (linux64, Python) logging started Thu Feb  1 15:05:36 2018

Optimize a model with 244 rows, 64 columns and 688 nonzeros
Coefficient statistics:
  Matrix range     [6e-02, 1e+00]
  Objective range  [1e+00, 1e+00]
  Bounds range     [0e+00, 0e+00]
  RHS range        [7e-18, 1e+00]
Presolve removed 32 rows and 4 columns
Presolve time: 0.00s
Presolved: 212 rows, 60 columns, 676 nonzeros

Iteration    Objective       Primal Inf.    Dual Inf.      Time
       0    1.0161801e+01   8.599335e+00   0.000000e+00      0s
      67    5.0862944e+01   0.000000e+00   0.000000e+00      0s

Solved in 67 iterations and 0.00 seconds
Optimal objective  5.086294423e+01
Optimize a model with 134 rows, 528 columns and 3380 nonzeros
Coefficient statistics:
  Matrix range     [4e-03, 1e+00]
  Objective range  [2e-02, 5e+00]
  Bounds range     [0e+00, 0e+00]
  RHS range        [1e-01, 1e+00]
Presolve time: 0.00s

Solved in 0 iterations and 0.00 seconds
Infeasible or unbounded model

Gurobi 7.0.2 (linux64, Python) logging started Thu Feb  1 15:25:36 2018

Optimize a model with 244 rows, 64 columns and 688 nonzeros
Coefficient statistics:
  Matrix range     [6e-02, 1e+00]
  Objective range  [1e+00, 1e+00]
  Bounds range     [0e+00, 0e+00]
  RHS range        [7e-18, 1e+00]
Presolve removed 32 rows and 4 columns
Presolve time: 0.00s
Presolved: 212 rows, 60 columns, 676 nonzeros

Iteration    Objective       Primal Inf.    Dual Inf.      Time
       0    9.9482504e+00   8.313595e+00   0.000000e+00      0s
      66    4.9794148e+01   0.000000e+00   0.000000e+00      0s

Solved in 66 iterations and 0.00 seconds
Optimal objective  4.979414766e+01
Optimize a model with 134 rows, 528 columns and 3380 nonzeros
Coefficient statistics:
  Matrix range     [3e-03, 1e+00]
  Objective range  [2e-02, 5e+00]
  Bounds range     [0e+00, 0e+00]
  RHS range        [1e-01, 1e+00]
Presolve time: 0.00s

Solved in 0 iterations and 0.00 seconds
Infeasible or unbounded model

Gurobi 7.0.2 (linux64, Python) logging started Thu Feb  1 15:26:30 2018

Optimize a model with 244 rows, 64 columns and 688 nonzeros
Coefficient statistics:
  Matrix range     [7e-02, 1e+00]
  Objective range  [1e+00, 1e+00]
  Bounds range     [0e+00, 0e+00]
  RHS range        [7e-18, 1e+00]
Presolve removed 32 rows and 4 columns
Presolve time: 0.00s
Presolved: 212 rows, 60 columns, 676 nonzeros

Iteration    Objective       Primal Inf.    Dual Inf.      Time
       0    1.0096456e+01   8.329856e+00   0.000000e+00      0s
      67    4.9871105e+01   0.000000e+00   0.000000e+00      0s

Solved in 67 iterations and 0.00 seconds
Optimal objective  4.987110454e+01
Optimize a model with 134 rows, 528 columns and 3380 nonzeros
Coefficient statistics:
  Matrix range     [3e-03, 1e+00]
  Objective range  [2e-03, 5e+00]
  Bounds range     [0e+00, 0e+00]
  RHS range        [1e-01, 1e+00]
Presolve time: 0.00s

Solved in 0 iterations and 0.00 seconds
Infeasible or unbounded model

Gurobi 7.0.2 (linux64, Python) logging started Thu Feb  1 15:42:36 2018

Optimize a model with 244 rows, 64 columns and 688 nonzeros
Coefficient statistics:
  Matrix range     [7e-02, 1e+00]
  Objective range  [1e+00, 1e+00]
  Bounds range     [0e+00, 0e+00]
  RHS range        [7e-18, 1e+00]
Presolve removed 32 rows and 4 columns
Presolve time: 0.00s
Presolved: 212 rows, 60 columns, 676 nonzeros

Iteration    Objective       Primal Inf.    Dual Inf.      Time
       0    1.0157736e+01   8.604337e+00   0.000000e+00      0s
      66    5.0640321e+01   0.000000e+00   0.000000e+00      0s

Solved in 66 iterations and 0.00 seconds
Optimal objective  5.064032056e+01
Optimize a model with 134 rows, 528 columns and 3380 nonzeros
Coefficient statistics:
  Matrix range     [3e-03, 1e+00]
  Objective range  [6e-03, 5e+00]
  Bounds range     [0e+00, 0e+00]
  RHS range        [1e-01, 1e+00]
Presolve time: 0.00s

Solved in 0 iterations and 0.00 seconds
Infeasible or unbounded model
